<!DOCTYPE html>
<html>
<head>
<meta http-equiv="Content-Type" content="text/html; charset=utf-8"/>
<meta http-equiv="x-ua-compatible" content="IE=edge"/>
<title>Test results - Class tourGuide.unitTests.UserControllerUnitTests</title>
<link href="../css/base-style.css" rel="stylesheet" type="text/css"/>
<link href="../css/style.css" rel="stylesheet" type="text/css"/>
<script src="../js/report.js" type="text/javascript"></script>
</head>
<body>
<div id="content">
<h1>Class tourGuide.unitTests.UserControllerUnitTests</h1>
<div class="breadcrumbs">
<a href="../index.html">all</a> &gt; 
<a href="../packages/tourGuide.unitTests.html">tourGuide.unitTests</a> &gt; UserControllerUnitTests</div>
<div id="summary">
<table>
<tr>
<td>
<div class="summaryGroup">
<table>
<tr>
<td>
<div class="infoBox" id="tests">
<div class="counter">18</div>
<p>tests</p>
</div>
</td>
<td>
<div class="infoBox" id="failures">
<div class="counter">0</div>
<p>failures</p>
</div>
</td>
<td>
<div class="infoBox" id="ignored">
<div class="counter">0</div>
<p>ignored</p>
</div>
</td>
<td>
<div class="infoBox" id="duration">
<div class="counter">0.675s</div>
<p>duration</p>
</div>
</td>
</tr>
</table>
</div>
</td>
<td>
<div class="infoBox success" id="successRate">
<div class="percent">100%</div>
<p>successful</p>
</div>
</td>
</tr>
</table>
</div>
<div id="tabs">
<ul class="tabLinks">
<li>
<a href="#tab0">Tests</a>
</li>
<li>
<a href="#tab1">Standard output</a>
</li>
</ul>
<div id="tab0" class="tab">
<h2>Tests</h2>
<table>
<thead>
<tr>
<th>Test</th>
<th>Duration</th>
<th>Result</th>
</tr>
</thead>
<tr>
<td class="success">createUserAllParametersTest</td>
<td class="success">0.047s</td>
<td class="success">passed</td>
</tr>
<tr>
<td class="success">createUserAlreadyExistingTest</td>
<td class="success">0.094s</td>
<td class="success">passed</td>
</tr>
<tr>
<td class="success">createUserNoParameterTest</td>
<td class="success">0.010s</td>
<td class="success">passed</td>
</tr>
<tr>
<td class="success">createUserOnlyUserNameTest</td>
<td class="success">0.007s</td>
<td class="success">passed</td>
</tr>
<tr>
<td class="success">deleteUserNoParameterTest</td>
<td class="success">0.014s</td>
<td class="success">passed</td>
</tr>
<tr>
<td class="success">deleteUserNotFoundTest</td>
<td class="success">0.061s</td>
<td class="success">passed</td>
</tr>
<tr>
<td class="success">deleteUserTest</td>
<td class="success">0.007s</td>
<td class="success">passed</td>
</tr>
<tr>
<td class="success">getUserExistingTest</td>
<td class="success">0.108s</td>
<td class="success">passed</td>
</tr>
<tr>
<td class="success">getUserNoParameterTest</td>
<td class="success">0.009s</td>
<td class="success">passed</td>
</tr>
<tr>
<td class="success">getUserNonExistingTest</td>
<td class="success">0.008s</td>
<td class="success">passed</td>
</tr>
<tr>
<td class="success">getUserPreferencesNoParameterTest</td>
<td class="success">0.008s</td>
<td class="success">passed</td>
</tr>
<tr>
<td class="success">getUserPreferencesNotFoundTest</td>
<td class="success">0.013s</td>
<td class="success">passed</td>
</tr>
<tr>
<td class="success">getUserPreferencesTest</td>
<td class="success">0.088s</td>
<td class="success">passed</td>
</tr>
<tr>
<td class="success">updateUserAllParametersTest</td>
<td class="success">0.023s</td>
<td class="success">passed</td>
</tr>
<tr>
<td class="success">updateUserNoParameterTest</td>
<td class="success">0.060s</td>
<td class="success">passed</td>
</tr>
<tr>
<td class="success">updateUserNonExistingTest</td>
<td class="success">0.011s</td>
<td class="success">passed</td>
</tr>
<tr>
<td class="success">updateUserOnlyUserNameTest</td>
<td class="success">0.091s</td>
<td class="success">passed</td>
</tr>
<tr>
<td class="success">updateUserPreferencesTest</td>
<td class="success">0.016s</td>
<td class="success">passed</td>
</tr>
</table>
</div>
<div id="tab1" class="tab">
<h2>Standard output</h2>
<span class="code">
<pre>2022-07-20 15:59:32.227  INFO 79672 --- [    Test worker] .b.t.c.SpringBootTestContextBootstrapper : Neither @ContextConfiguration nor @ContextHierarchy found for test class [tourGuide.unitTests.UserControllerUnitTests], using SpringBootContextLoader
2022-07-20 15:59:32.228  INFO 79672 --- [    Test worker] o.s.t.c.support.AbstractContextLoader    : Could not detect default resource locations for test class [tourGuide.unitTests.UserControllerUnitTests]: no resource found for suffixes {-context.xml, Context.groovy}.
2022-07-20 15:59:32.229  INFO 79672 --- [    Test worker] t.c.s.AnnotationConfigContextLoaderUtils : Could not detect default configuration classes for test class [tourGuide.unitTests.UserControllerUnitTests]: UserControllerUnitTests does not declare any static, non-private, non-final, nested classes annotated with @Configuration.
2022-07-20 15:59:32.233  INFO 79672 --- [    Test worker] .b.t.c.SpringBootTestContextBootstrapper : Found @SpringBootConfiguration tourGuide.Application for test class tourGuide.unitTests.UserControllerUnitTests
2022-07-20 15:59:32.235  INFO 79672 --- [    Test worker] .b.t.c.SpringBootTestContextBootstrapper : Loaded default TestExecutionListener class names from location [META-INF/spring.factories]: [org.springframework.boot.test.autoconfigure.restdocs.RestDocsTestExecutionListener, org.springframework.boot.test.autoconfigure.web.client.MockRestServiceServerResetTestExecutionListener, org.springframework.boot.test.autoconfigure.web.servlet.MockMvcPrintOnlyOnFailureTestExecutionListener, org.springframework.boot.test.autoconfigure.web.servlet.WebDriverTestExecutionListener, org.springframework.boot.test.mock.mockito.MockitoTestExecutionListener, org.springframework.boot.test.mock.mockito.ResetMocksTestExecutionListener, org.springframework.test.context.web.ServletTestExecutionListener, org.springframework.test.context.support.DirtiesContextBeforeModesTestExecutionListener, org.springframework.test.context.support.DependencyInjectionTestExecutionListener, org.springframework.test.context.support.DirtiesContextTestExecutionListener, org.springframework.test.context.transaction.TransactionalTestExecutionListener, org.springframework.test.context.jdbc.SqlScriptsTestExecutionListener]
2022-07-20 15:59:32.237  INFO 79672 --- [    Test worker] .b.t.c.SpringBootTestContextBootstrapper : Using TestExecutionListeners: [org.springframework.test.context.web.ServletTestExecutionListener@65f994b1, org.springframework.test.context.support.DirtiesContextBeforeModesTestExecutionListener@7c723e46, org.springframework.boot.test.mock.mockito.MockitoTestExecutionListener@4c627b30, org.springframework.boot.test.autoconfigure.SpringBootDependencyInjectionTestExecutionListener@371f1b79, org.springframework.test.context.support.DirtiesContextTestExecutionListener@1eea4d37, org.springframework.boot.test.autoconfigure.restdocs.RestDocsTestExecutionListener@7387c0a2, org.springframework.boot.test.autoconfigure.web.client.MockRestServiceServerResetTestExecutionListener@2c639e19, org.springframework.boot.test.autoconfigure.web.servlet.MockMvcPrintOnlyOnFailureTestExecutionListener@63e89c3f, org.springframework.boot.test.autoconfigure.web.servlet.WebDriverTestExecutionListener@2f27f680, org.springframework.boot.test.mock.mockito.ResetMocksTestExecutionListener@6268b116]

  .   ____          _            __ _ _
 /\\ / ___'_ __ _ _(_)_ __  __ _ \ \ \ \
( ( )\___ | '_ | '_| | '_ \/ _` | \ \ \ \
 \\/  ___)| |_)| | | | | || (_| |  ) ) ) )
  '  |____| .__|_| |_|_| |_\__, | / / / /
 =========|_|==============|___/=/_/_/_/
 :: Spring Boot ::        (v2.1.6.RELEASE)

2022-07-20 15:59:32.507  INFO 79672 --- [    Test worker] t.unitTests.UserControllerUnitTests      : Starting UserControllerUnitTests on LAPTOP-FJNEE5I2 with PID 79672 (started by CABROL in C:\Users\CABROL\Documents\Justine\OpenClassrooms\projectTourguide\TourGuide)
2022-07-20 15:59:32.510  INFO 79672 --- [    Test worker] t.unitTests.UserControllerUnitTests      : The following profiles are active: unitTest,test
2022-07-20 15:59:38.322  INFO 79672 --- [    Test worker] o.s.s.concurrent.ThreadPoolTaskExecutor  : Initializing ExecutorService 'applicationTaskExecutor'
2022-07-20 15:59:42.142  INFO 79672 --- [    Test worker] o.s.b.t.m.w.SpringBootMockServletContext : Initializing Spring TestDispatcherServlet ''
2022-07-20 15:59:42.144  INFO 79672 --- [    Test worker] o.s.t.web.servlet.TestDispatcherServlet  : Initializing Servlet ''
2022-07-20 15:59:42.252  INFO 79672 --- [    Test worker] o.s.b.a.e.web.EndpointLinksResolver      : Exposing 2 endpoint(s) beneath base path '/actuator'
2022-07-20 15:59:42.473  INFO 79672 --- [    Test worker] o.s.t.web.servlet.TestDispatcherServlet  : Completed initialization in 327 ms
2022-07-20 15:59:42.582  INFO 79672 --- [    Test worker] t.unitTests.UserControllerUnitTests      : Started UserControllerUnitTests in 10.34 seconds (JVM running for 908.107)
2022-07-20 15:59:42.687 ERROR 79672 --- [    Test worker] t.exception.TourGuideExceptionHandler    : error message
2022-07-20 15:59:42.696 ERROR 79672 --- [    Test worker] t.exception.TourGuideExceptionHandler    : The request is not correct : a request parameter is missing or wrong.

2022-07-20 15:59:42.817 ERROR 79672 --- [    Test worker] t.exception.TourGuideExceptionHandler    : The request is not correct : a request parameter is missing or wrong.

2022-07-20 15:59:42.838 ERROR 79672 --- [    Test worker] t.exception.TourGuideExceptionHandler    : error message
2022-07-20 15:59:42.900 ERROR 79672 --- [    Test worker] t.exception.TourGuideExceptionHandler    : error message
2022-07-20 15:59:42.908 ERROR 79672 --- [    Test worker] t.exception.TourGuideExceptionHandler    : The request is not correct : a request parameter is missing or wrong.

2022-07-20 15:59:42.921 ERROR 79672 --- [    Test worker] t.exception.TourGuideExceptionHandler    : error message
2022-07-20 15:59:43.034 ERROR 79672 --- [    Test worker] t.exception.TourGuideExceptionHandler    : The request is not correct : a request parameter is missing or wrong.

2022-07-20 15:59:43.069 ERROR 79672 --- [    Test worker] t.exception.TourGuideExceptionHandler    : error message
2022-07-20 15:59:43.183 ERROR 79672 --- [    Test worker] t.exception.TourGuideExceptionHandler    : The request is not correct : a request parameter is missing or wrong.

</pre>
</span>
</div>
</div>
<div id="footer">
<p>
<div>
<label class="hidden" id="label-for-line-wrapping-toggle" for="line-wrapping-toggle">Wrap lines
<input id="line-wrapping-toggle" type="checkbox" autocomplete="off"/>
</label>
</div>Generated by 
<a href="http://www.gradle.org">Gradle 4.8.1</a> at 20 juil. 2022 15:59:56</p>
</div>
</div>
</body>
</html>
