<!DOCTYPE html>
<html>
<head>
<meta http-equiv="Content-Type" content="text/html; charset=utf-8"/>
<meta http-equiv="x-ua-compatible" content="IE=edge"/>
<title>Test results - Class tourGuide.unitTests.TourGuideControllerUnitTests</title>
<link href="../css/base-style.css" rel="stylesheet" type="text/css"/>
<link href="../css/style.css" rel="stylesheet" type="text/css"/>
<script src="../js/report.js" type="text/javascript"></script>
</head>
<body>
<div id="content">
<h1>Class tourGuide.unitTests.TourGuideControllerUnitTests</h1>
<div class="breadcrumbs">
<a href="../index.html">all</a> &gt; 
<a href="../packages/tourGuide.unitTests.html">tourGuide.unitTests</a> &gt; TourGuideControllerUnitTests</div>
<div id="summary">
<table>
<tr>
<td>
<div class="summaryGroup">
<table>
<tr>
<td>
<div class="infoBox" id="tests">
<div class="counter">15</div>
<p>tests</p>
</div>
</td>
<td>
<div class="infoBox" id="failures">
<div class="counter">0</div>
<p>failures</p>
</div>
</td>
<td>
<div class="infoBox" id="ignored">
<div class="counter">0</div>
<p>ignored</p>
</div>
</td>
<td>
<div class="infoBox" id="duration">
<div class="counter">0.957s</div>
<p>duration</p>
</div>
</td>
</tr>
</table>
</div>
</td>
<td>
<div class="infoBox success" id="successRate">
<div class="percent">100%</div>
<p>successful</p>
</div>
</td>
</tr>
</table>
</div>
<div id="tabs">
<ul class="tabLinks">
<li>
<a href="#tab0">Tests</a>
</li>
<li>
<a href="#tab1">Standard output</a>
</li>
</ul>
<div id="tab0" class="tab">
<h2>Tests</h2>
<table>
<thead>
<tr>
<th>Test</th>
<th>Duration</th>
<th>Result</th>
</tr>
</thead>
<tr>
<td class="success">errorPageTest</td>
<td class="success">0.020s</td>
<td class="success">passed</td>
</tr>
<tr>
<td class="success">getAllCurrentLocationsTest</td>
<td class="success">0.008s</td>
<td class="success">passed</td>
</tr>
<tr>
<td class="success">getLocationExistingUserTest</td>
<td class="success">0.049s</td>
<td class="success">passed</td>
</tr>
<tr>
<td class="success">getLocationMissingParameterTest</td>
<td class="success">0.023s</td>
<td class="success">passed</td>
</tr>
<tr>
<td class="success">getLocationNonExistingUserTest</td>
<td class="success">0.012s</td>
<td class="success">passed</td>
</tr>
<tr>
<td class="success">getNearbyAttractionsNoParameterTest</td>
<td class="success">0.008s</td>
<td class="success">passed</td>
</tr>
<tr>
<td class="success">getNearbyAttractionsTest</td>
<td class="success">0.161s</td>
<td class="success">passed</td>
</tr>
<tr>
<td class="success">getNearbyAttractionsUserNonExistingTest</td>
<td class="success">0.138s</td>
<td class="success">passed</td>
</tr>
<tr>
<td class="success">getRewardsTest</td>
<td class="success">0.151s</td>
<td class="success">passed</td>
</tr>
<tr>
<td class="success">getRewardsUserNoParameterTest</td>
<td class="success">0.153s</td>
<td class="success">passed</td>
</tr>
<tr>
<td class="success">getRewardsUserNonExistingTest</td>
<td class="success">0.164s</td>
<td class="success">passed</td>
</tr>
<tr>
<td class="success">getTripDealsNoParameterTest</td>
<td class="success">0.023s</td>
<td class="success">passed</td>
</tr>
<tr>
<td class="success">getTripDealsTest</td>
<td class="success">0.012s</td>
<td class="success">passed</td>
</tr>
<tr>
<td class="success">getTripDealsUserNonExistingTest</td>
<td class="success">0.014s</td>
<td class="success">passed</td>
</tr>
<tr>
<td class="success">indexTest</td>
<td class="success">0.021s</td>
<td class="success">passed</td>
</tr>
</table>
</div>
<div id="tab1" class="tab">
<h2>Standard output</h2>
<span class="code">
<pre>2022-07-20 15:58:57.316  INFO 79672 --- [    Test worker] .b.t.c.SpringBootTestContextBootstrapper : Neither @ContextConfiguration nor @ContextHierarchy found for test class [tourGuide.unitTests.TourGuideControllerUnitTests], using SpringBootContextLoader
2022-07-20 15:58:57.317  INFO 79672 --- [    Test worker] o.s.t.c.support.AbstractContextLoader    : Could not detect default resource locations for test class [tourGuide.unitTests.TourGuideControllerUnitTests]: no resource found for suffixes {-context.xml, Context.groovy}.
2022-07-20 15:58:57.317  INFO 79672 --- [    Test worker] t.c.s.AnnotationConfigContextLoaderUtils : Could not detect default configuration classes for test class [tourGuide.unitTests.TourGuideControllerUnitTests]: TourGuideControllerUnitTests does not declare any static, non-private, non-final, nested classes annotated with @Configuration.
2022-07-20 15:58:57.324  INFO 79672 --- [    Test worker] .b.t.c.SpringBootTestContextBootstrapper : Found @SpringBootConfiguration tourGuide.Application for test class tourGuide.unitTests.TourGuideControllerUnitTests
2022-07-20 15:58:57.327  INFO 79672 --- [    Test worker] .b.t.c.SpringBootTestContextBootstrapper : Loaded default TestExecutionListener class names from location [META-INF/spring.factories]: [org.springframework.boot.test.autoconfigure.restdocs.RestDocsTestExecutionListener, org.springframework.boot.test.autoconfigure.web.client.MockRestServiceServerResetTestExecutionListener, org.springframework.boot.test.autoconfigure.web.servlet.MockMvcPrintOnlyOnFailureTestExecutionListener, org.springframework.boot.test.autoconfigure.web.servlet.WebDriverTestExecutionListener, org.springframework.boot.test.mock.mockito.MockitoTestExecutionListener, org.springframework.boot.test.mock.mockito.ResetMocksTestExecutionListener, org.springframework.test.context.web.ServletTestExecutionListener, org.springframework.test.context.support.DirtiesContextBeforeModesTestExecutionListener, org.springframework.test.context.support.DependencyInjectionTestExecutionListener, org.springframework.test.context.support.DirtiesContextTestExecutionListener, org.springframework.test.context.transaction.TransactionalTestExecutionListener, org.springframework.test.context.jdbc.SqlScriptsTestExecutionListener]
2022-07-20 15:58:57.329  INFO 79672 --- [    Test worker] .b.t.c.SpringBootTestContextBootstrapper : Using TestExecutionListeners: [org.springframework.test.context.web.ServletTestExecutionListener@4b94078e, org.springframework.test.context.support.DirtiesContextBeforeModesTestExecutionListener@77813493, org.springframework.boot.test.mock.mockito.MockitoTestExecutionListener@32ce08b4, org.springframework.boot.test.autoconfigure.SpringBootDependencyInjectionTestExecutionListener@4d8d51df, org.springframework.test.context.support.DirtiesContextTestExecutionListener@264e8797, org.springframework.boot.test.autoconfigure.restdocs.RestDocsTestExecutionListener@58950a61, org.springframework.boot.test.autoconfigure.web.client.MockRestServiceServerResetTestExecutionListener@1a5c326f, org.springframework.boot.test.autoconfigure.web.servlet.MockMvcPrintOnlyOnFailureTestExecutionListener@3d788b52, org.springframework.boot.test.autoconfigure.web.servlet.WebDriverTestExecutionListener@6f58d155, org.springframework.boot.test.mock.mockito.ResetMocksTestExecutionListener@1fee08dd]

  .   ____          _            __ _ _
 /\\ / ___'_ __ _ _(_)_ __  __ _ \ \ \ \
( ( )\___ | '_ | '_| | '_ \/ _` | \ \ \ \
 \\/  ___)| |_)| | | | | || (_| |  ) ) ) )
  '  |____| .__|_| |_|_| |_\__, | / / / /
 =========|_|==============|___/=/_/_/_/
 :: Spring Boot ::        (v2.1.6.RELEASE)

2022-07-20 15:58:57.770  INFO 79672 --- [    Test worker] t.u.TourGuideControllerUnitTests         : Starting TourGuideControllerUnitTests on LAPTOP-FJNEE5I2 with PID 79672 (started by CABROL in C:\Users\CABROL\Documents\Justine\OpenClassrooms\projectTourguide\TourGuide)
2022-07-20 15:58:57.770  INFO 79672 --- [    Test worker] t.u.TourGuideControllerUnitTests         : The following profiles are active: unitTest,test
2022-07-20 15:59:05.596  INFO 79672 --- [    Test worker] o.s.s.concurrent.ThreadPoolTaskExecutor  : Initializing ExecutorService 'applicationTaskExecutor'
2022-07-20 15:59:14.078  INFO 79672 --- [    Test worker] o.s.b.t.m.w.SpringBootMockServletContext : Initializing Spring TestDispatcherServlet ''
2022-07-20 15:59:14.081  INFO 79672 --- [    Test worker] o.s.t.web.servlet.TestDispatcherServlet  : Initializing Servlet ''
2022-07-20 15:59:14.104  INFO 79672 --- [    Test worker] o.s.b.a.e.web.EndpointLinksResolver      : Exposing 2 endpoint(s) beneath base path '/actuator'
2022-07-20 15:59:14.337  INFO 79672 --- [    Test worker] o.s.t.web.servlet.TestDispatcherServlet  : Completed initialization in 255 ms
2022-07-20 15:59:14.640  INFO 79672 --- [    Test worker] t.u.TourGuideControllerUnitTests         : Started TourGuideControllerUnitTests in 17.308 seconds (JVM running for 880.167)
2022-07-20 15:59:14.722 ERROR 79672 --- [    Test worker] t.exception.TourGuideExceptionHandler    : The request is not correct : a request parameter is missing or wrong.

2022-07-20 15:59:14.732 ERROR 79672 --- [    Test worker] t.exception.TourGuideExceptionHandler    : The request is not correct : a request parameter is missing or wrong.

2022-07-20 15:59:14.740 ERROR 79672 --- [    Test worker] t.exception.TourGuideExceptionHandler    : The request is not correct : a request parameter is missing or wrong.

2022-07-20 15:59:15.097 ERROR 79672 --- [    Test worker] t.exception.TourGuideExceptionHandler    : error message
2022-07-20 15:59:15.105  WARN 79672 --- [    Test worker] o.s.web.servlet.PageNotFound             : No mapping for GET /nonExistingUri
2022-07-20 15:59:15.107 ERROR 79672 --- [    Test worker] t.exception.TourGuideExceptionHandler    : The researched page was not found : No handler found for GET /nonExistingUri
2022-07-20 15:59:15.130 ERROR 79672 --- [    Test worker] t.exception.TourGuideExceptionHandler    : error message
2022-07-20 15:59:15.269 ERROR 79672 --- [    Test worker] t.exception.TourGuideExceptionHandler    : The request is not correct : a request parameter is missing or wrong.

2022-07-20 15:59:15.456 ERROR 79672 --- [    Test worker] t.exception.TourGuideExceptionHandler    : error message
2022-07-20 15:59:15.620 ERROR 79672 --- [    Test worker] t.exception.TourGuideExceptionHandler    : error message
</pre>
</span>
</div>
</div>
<div id="footer">
<p>
<div>
<label class="hidden" id="label-for-line-wrapping-toggle" for="line-wrapping-toggle">Wrap lines
<input id="line-wrapping-toggle" type="checkbox" autocomplete="off"/>
</label>
</div>Generated by 
<a href="http://www.gradle.org">Gradle 4.8.1</a> at 20 juil. 2022 15:59:56</p>
</div>
</div>
</body>
</html>
