<?xml version="1.0" encoding="UTF-8"?>
<testsuite name="tourGuide.unitTests.UserControllerUnitTests" tests="18" skipped="0" failures="0" errors="0" timestamp="2022-07-20T13:59:42" hostname="LAPTOP-FJNEE5I2" time="0.707">
  <properties/>
  <testcase name="getUserPreferencesTest" classname="tourGuide.unitTests.UserControllerUnitTests" time="0.088"/>
  <testcase name="updateUserNonExistingTest" classname="tourGuide.unitTests.UserControllerUnitTests" time="0.011"/>
  <testcase name="getUserPreferencesNoParameterTest" classname="tourGuide.unitTests.UserControllerUnitTests" time="0.008"/>
  <testcase name="getUserExistingTest" classname="tourGuide.unitTests.UserControllerUnitTests" time="0.108"/>
  <testcase name="deleteUserNoParameterTest" classname="tourGuide.unitTests.UserControllerUnitTests" time="0.014"/>
  <testcase name="getUserPreferencesNotFoundTest" classname="tourGuide.unitTests.UserControllerUnitTests" time="0.013"/>
  <testcase name="createUserAllParametersTest" classname="tourGuide.unitTests.UserControllerUnitTests" time="0.047"/>
  <testcase name="getUserNonExistingTest" classname="tourGuide.unitTests.UserControllerUnitTests" time="0.008"/>
  <testcase name="createUserNoParameterTest" classname="tourGuide.unitTests.UserControllerUnitTests" time="0.01"/>
  <testcase name="deleteUserNotFoundTest" classname="tourGuide.unitTests.UserControllerUnitTests" time="0.061"/>
  <testcase name="updateUserNoParameterTest" classname="tourGuide.unitTests.UserControllerUnitTests" time="0.06"/>
  <testcase name="updateUserPreferencesTest" classname="tourGuide.unitTests.UserControllerUnitTests" time="0.016"/>
  <testcase name="createUserAlreadyExistingTest" classname="tourGuide.unitTests.UserControllerUnitTests" time="0.094"/>
  <testcase name="updateUserAllParametersTest" classname="tourGuide.unitTests.UserControllerUnitTests" time="0.023"/>
  <testcase name="getUserNoParameterTest" classname="tourGuide.unitTests.UserControllerUnitTests" time="0.009"/>
  <testcase name="createUserOnlyUserNameTest" classname="tourGuide.unitTests.UserControllerUnitTests" time="0.007"/>
  <testcase name="updateUserOnlyUserNameTest" classname="tourGuide.unitTests.UserControllerUnitTests" time="0.091"/>
  <testcase name="deleteUserTest" classname="tourGuide.unitTests.UserControllerUnitTests" time="0.007"/>
  <system-out><![CDATA[2022-07-20 15:59:32.227  INFO 79672 --- [    Test worker] .b.t.c.SpringBootTestContextBootstrapper : Neither @ContextConfiguration nor @ContextHierarchy found for test class [tourGuide.unitTests.UserControllerUnitTests], using SpringBootContextLoader
2022-07-20 15:59:32.228  INFO 79672 --- [    Test worker] o.s.t.c.support.AbstractContextLoader    : Could not detect default resource locations for test class [tourGuide.unitTests.UserControllerUnitTests]: no resource found for suffixes {-context.xml, Context.groovy}.
2022-07-20 15:59:32.229  INFO 79672 --- [    Test worker] t.c.s.AnnotationConfigContextLoaderUtils : Could not detect default configuration classes for test class [tourGuide.unitTests.UserControllerUnitTests]: UserControllerUnitTests does not declare any static, non-private, non-final, nested classes annotated with @Configuration.
2022-07-20 15:59:32.233  INFO 79672 --- [    Test worker] .b.t.c.SpringBootTestContextBootstrapper : Found @SpringBootConfiguration tourGuide.Application for test class tourGuide.unitTests.UserControllerUnitTests
2022-07-20 15:59:32.235  INFO 79672 --- [    Test worker] .b.t.c.SpringBootTestContextBootstrapper : Loaded default TestExecutionListener class names from location [META-INF/spring.factories]: [org.springframework.boot.test.autoconfigure.restdocs.RestDocsTestExecutionListener, org.springframework.boot.test.autoconfigure.web.client.MockRestServiceServerResetTestExecutionListener, org.springframework.boot.test.autoconfigure.web.servlet.MockMvcPrintOnlyOnFailureTestExecutionListener, org.springframework.boot.test.autoconfigure.web.servlet.WebDriverTestExecutionListener, org.springframework.boot.test.mock.mockito.MockitoTestExecutionListener, org.springframework.boot.test.mock.mockito.ResetMocksTestExecutionListener, org.springframework.test.context.web.ServletTestExecutionListener, org.springframework.test.context.support.DirtiesContextBeforeModesTestExecutionListener, org.springframework.test.context.support.DependencyInjectionTestExecutionListener, org.springframework.test.context.support.DirtiesContextTestExecutionListener, org.springframework.test.context.transaction.TransactionalTestExecutionListener, org.springframework.test.context.jdbc.SqlScriptsTestExecutionListener]
2022-07-20 15:59:32.237  INFO 79672 --- [    Test worker] .b.t.c.SpringBootTestContextBootstrapper : Using TestExecutionListeners: [org.springframework.test.context.web.ServletTestExecutionListener@65f994b1, org.springframework.test.context.support.DirtiesContextBeforeModesTestExecutionListener@7c723e46, org.springframework.boot.test.mock.mockito.MockitoTestExecutionListener@4c627b30, org.springframework.boot.test.autoconfigure.SpringBootDependencyInjectionTestExecutionListener@371f1b79, org.springframework.test.context.support.DirtiesContextTestExecutionListener@1eea4d37, org.springframework.boot.test.autoconfigure.restdocs.RestDocsTestExecutionListener@7387c0a2, org.springframework.boot.test.autoconfigure.web.client.MockRestServiceServerResetTestExecutionListener@2c639e19, org.springframework.boot.test.autoconfigure.web.servlet.MockMvcPrintOnlyOnFailureTestExecutionListener@63e89c3f, org.springframework.boot.test.autoconfigure.web.servlet.WebDriverTestExecutionListener@2f27f680, org.springframework.boot.test.mock.mockito.ResetMocksTestExecutionListener@6268b116]

  .   ____          _            __ _ _
 /\\ / ___'_ __ _ _(_)_ __  __ _ \ \ \ \
( ( )\___ | '_ | '_| | '_ \/ _` | \ \ \ \
 \\/  ___)| |_)| | | | | || (_| |  ) ) ) )
  '  |____| .__|_| |_|_| |_\__, | / / / /
 =========|_|==============|___/=/_/_/_/
 :: Spring Boot ::        (v2.1.6.RELEASE)

2022-07-20 15:59:32.507  INFO 79672 --- [    Test worker] t.unitTests.UserControllerUnitTests      : Starting UserControllerUnitTests on LAPTOP-FJNEE5I2 with PID 79672 (started by CABROL in C:\Users\CABROL\Documents\Justine\OpenClassrooms\projectTourguide\TourGuide)
2022-07-20 15:59:32.510  INFO 79672 --- [    Test worker] t.unitTests.UserControllerUnitTests      : The following profiles are active: unitTest,test
2022-07-20 15:59:38.322  INFO 79672 --- [    Test worker] o.s.s.concurrent.ThreadPoolTaskExecutor  : Initializing ExecutorService 'applicationTaskExecutor'
2022-07-20 15:59:42.142  INFO 79672 --- [    Test worker] o.s.b.t.m.w.SpringBootMockServletContext : Initializing Spring TestDispatcherServlet ''
2022-07-20 15:59:42.144  INFO 79672 --- [    Test worker] o.s.t.web.servlet.TestDispatcherServlet  : Initializing Servlet ''
2022-07-20 15:59:42.252  INFO 79672 --- [    Test worker] o.s.b.a.e.web.EndpointLinksResolver      : Exposing 2 endpoint(s) beneath base path '/actuator'
2022-07-20 15:59:42.473  INFO 79672 --- [    Test worker] o.s.t.web.servlet.TestDispatcherServlet  : Completed initialization in 327 ms
2022-07-20 15:59:42.582  INFO 79672 --- [    Test worker] t.unitTests.UserControllerUnitTests      : Started UserControllerUnitTests in 10.34 seconds (JVM running for 908.107)
2022-07-20 15:59:42.687 ERROR 79672 --- [    Test worker] t.exception.TourGuideExceptionHandler    : error message
2022-07-20 15:59:42.696 ERROR 79672 --- [    Test worker] t.exception.TourGuideExceptionHandler    : The request is not correct : a request parameter is missing or wrong.

2022-07-20 15:59:42.817 ERROR 79672 --- [    Test worker] t.exception.TourGuideExceptionHandler    : The request is not correct : a request parameter is missing or wrong.

2022-07-20 15:59:42.838 ERROR 79672 --- [    Test worker] t.exception.TourGuideExceptionHandler    : error message
2022-07-20 15:59:42.900 ERROR 79672 --- [    Test worker] t.exception.TourGuideExceptionHandler    : error message
2022-07-20 15:59:42.908 ERROR 79672 --- [    Test worker] t.exception.TourGuideExceptionHandler    : The request is not correct : a request parameter is missing or wrong.

2022-07-20 15:59:42.921 ERROR 79672 --- [    Test worker] t.exception.TourGuideExceptionHandler    : error message
2022-07-20 15:59:43.034 ERROR 79672 --- [    Test worker] t.exception.TourGuideExceptionHandler    : The request is not correct : a request parameter is missing or wrong.

2022-07-20 15:59:43.069 ERROR 79672 --- [    Test worker] t.exception.TourGuideExceptionHandler    : error message
2022-07-20 15:59:43.183 ERROR 79672 --- [    Test worker] t.exception.TourGuideExceptionHandler    : The request is not correct : a request parameter is missing or wrong.

]]></system-out>
  <system-err><![CDATA[]]></system-err>
</testsuite>
